\BOOKMARK [1][]{section.1}{\376\377\000\061\000\040\230\171\166\356\200\314\146\157}{}% 1
\BOOKMARK [2][]{subsection.1.1}{\376\377\000\061\000\056\000\061\000\040\230\171\166\356\166\204\141\017\116\111\124\214\121\163\225\056\225\356\230\230}{section.1}% 2
\BOOKMARK [2][]{subsection.1.2}{\376\377\000\061\000\056\000\062\000\040\170\024\172\166\145\271\124\021}{section.1}% 3
\BOOKMARK [1][]{section.2}{\376\377\000\062\000\040\230\171\166\356\136\163\123\360\166\204\220\011\142\351}{}% 4
\BOOKMARK [2][]{subsection.2.1}{\376\377\000\062\000\056\000\061\000\040\000\110\000\141\000\144\000\157\000\157\000\160}{section.2}% 5
\BOOKMARK [3][]{subsubsection.2.1.1}{\376\377\000\062\000\056\000\061\000\056\000\061\000\040\116\072\116\300\116\110\220\011\142\351\000\110\000\141\000\144\000\157\000\157\000\160}{subsection.2.1}% 6
\BOOKMARK [3][]{subsubsection.2.1.2}{\376\377\000\062\000\056\000\061\000\056\000\062\000\040\000\115\000\141\000\160\000\162\000\145\000\144\000\165\000\143\000\145\213\241\173\227\150\106\147\266}{subsection.2.1}% 7
\BOOKMARK [3][]{subsubsection.2.1.3}{\376\377\000\062\000\056\000\061\000\056\000\063\000\040\000\123\000\150\000\165\000\146\000\146\000\154\000\145\226\066\153\265}{subsection.2.1}% 8
\BOOKMARK [2][]{subsection.2.2}{\376\377\000\062\000\056\000\062\000\040\000\123\000\104\000\116}{section.2}% 9
\BOOKMARK [3][]{subsubsection.2.2.1}{\376\377\000\062\000\056\000\062\000\056\000\061\000\040\000\106\000\154\000\157\000\157\000\144\000\154\000\151\000\147\000\150\000\164}{subsection.2.2}% 10
\BOOKMARK [3][]{subsubsection.2.2.2}{\376\377\000\062\000\056\000\062\000\056\000\062\000\040\000\117\000\126\000\123}{subsection.2.2}% 11
\BOOKMARK [1][]{section.3}{\376\377\000\063\000\040\127\372\116\216\000\103\000\157\000\146\000\154\000\157\000\167\166\204\131\047\145\160\143\156\177\121\176\334\117\030\123\026}{}% 12
\BOOKMARK [2][]{subsection.3.1}{\376\377\000\063\000\056\000\061\000\040\000\143\000\157\000\146\000\154\000\157\000\167\166\370\121\163\167\345\213\306\116\313\176\315}{section.3}% 13
\BOOKMARK [2][]{subsection.3.2}{\376\377\000\063\000\056\000\062\000\040\000\143\000\157\000\146\000\154\000\157\000\167\214\003\136\246\173\227\154\325\213\276\213\241}{section.3}% 14
\BOOKMARK [1][]{section.4}{\376\377\000\064\000\040\133\236\232\214\136\163\123\360\144\055\136\372}{}% 15
\BOOKMARK [2][]{subsection.4.1}{\376\377\000\064\000\056\000\061\000\040\133\236\232\214\163\257\130\203}{section.4}% 16
\BOOKMARK [2][]{subsection.4.2}{\376\377\000\064\000\056\000\062\000\040\000\110\000\141\000\144\000\157\000\157\000\160\136\163\123\360\144\055\136\372}{section.4}% 17
\BOOKMARK [2][]{subsection.4.3}{\376\377\000\064\000\056\000\063\000\040\000\123\000\104\000\116\137\000\123\321\163\257\130\203\144\055\136\372}{section.4}% 18
\BOOKMARK [2][]{subsection.4.4}{\376\377\000\064\000\056\000\064\000\040\177\121\176\334\142\323\142\121}{section.4}% 19
\BOOKMARK [1][]{section.5}{\376\377\000\065\000\040\174\373\176\337\213\276\213\241\116\016\137\000\123\321}{}% 20
\BOOKMARK [2][]{subsection.5.1}{\376\377\000\065\000\056\000\061\000\040\174\373\176\337\145\164\117\123\147\266\147\204\213\276\213\241}{section.5}% 21
\BOOKMARK [2][]{subsection.5.2}{\376\377\000\065\000\056\000\062\000\040\000\115\000\141\000\160\000\162\000\145\000\144\000\165\000\143\000\145\000\040\000\106\000\145\000\164\000\143\000\150\000\145\000\162}{section.5}% 22
\BOOKMARK [2][]{subsection.5.3}{\376\377\000\065\000\056\000\063\000\040\000\120\000\171\000\164\000\150\000\157\000\156\000\040\000\103\000\157\000\156\000\164\000\162\000\157\000\154\000\154\000\145\000\162\377\010\000\120\000\171\000\103\000\157\000\156\377\011}{section.5}% 23
\BOOKMARK [3][]{subsubsection.5.3.1}{\376\377\000\065\000\056\000\063\000\056\000\061\000\040\000\110\000\124\000\124\000\120\000\123\000\145\000\162\000\166\000\145\000\162\000\040\174\173}{subsection.5.3}% 24
\BOOKMARK [3][]{subsubsection.5.3.2}{\376\377\000\065\000\056\000\063\000\056\000\062\000\040\221\115\177\156\226\037\122\027\377\014\217\333\210\114\226\120\220\037}{subsection.5.3}% 25
\BOOKMARK [3][]{subsubsection.5.3.3}{\376\377\000\065\000\056\000\063\000\056\000\063\000\040\203\267\123\326\177\121\176\334\117\341\140\157}{subsection.5.3}% 26
\BOOKMARK [3][]{subsubsection.5.3.4}{\376\377\000\065\000\056\000\063\000\056\000\064\000\040\155\101\210\150\230\204\221\115\177\156}{subsection.5.3}% 27
\BOOKMARK [3][]{subsubsection.5.3.5}{\376\377\000\065\000\056\000\063\000\056\000\065\000\040\116\013\123\321\155\101\210\150}{subsection.5.3}% 28
\BOOKMARK [3][]{subsubsection.5.3.6}{\376\377\000\065\000\056\000\063\000\056\000\066\000\040\215\357\165\061\173\227\154\325\152\041\127\127}{subsection.5.3}% 29
\BOOKMARK [2][]{subsection.5.4}{\376\377\000\065\000\056\000\064\000\040\133\371\000\040\000\106\000\154\000\157\000\157\000\144\000\154\000\151\000\147\000\150\000\164\000\040\166\204\145\071\217\333}{section.5}% 30
\BOOKMARK [3][]{subsubsection.5.4.1}{\376\377\000\065\000\056\000\064\000\056\000\061\000\040\000\120\000\141\000\143\000\153\000\145\000\164\000\055\000\151\000\156\000\040\145\160\143\156\123\005\131\004\164\006\152\041\127\127}{subsection.5.4}% 31
\BOOKMARK [3][]{subsubsection.5.4.2}{\376\377\000\065\000\056\000\064\000\056\000\062\000\040\000\122\000\105\000\123\000\124\000\040\000\101\000\120\000\111}{subsection.5.4}% 32
\BOOKMARK [1][]{section.6}{\376\377\000\066\000\040\230\171\166\356\166\204\142\020\147\234}{}% 33
\BOOKMARK [2][]{subsection.6.1}{\376\377\000\066\000\056\000\061\000\040\133\236\232\214\116\377\167\037\155\113\213\325}{section.6}% 34
\BOOKMARK [2][]{subsection.6.2}{\376\377\000\066\000\056\000\062\000\040\133\236\232\214\176\323\147\234}{section.6}% 35
\BOOKMARK [2][]{subsection.6.3}{\376\377\000\066\000\056\000\063\000\040\176\323\147\234\122\006\147\220}{section.6}% 36
\BOOKMARK [1][]{section.7}{\376\377\000\067\000\040\230\171\166\356\140\073\176\323}{}% 37
\BOOKMARK [1][]{section.8}{\376\377\000\070\000\040\123\302\200\003\145\207\163\056}{}% 38
